


ARM Macro Assembler    Page 1 


    1 00000000         ;******************** (C) Yifeng ZHU *******************
                       ************************
    2 00000000         ; @file    startup_stm32l476xx.s
    3 00000000         ; @author  Yifeng Zhu
    4 00000000         ; @version V4.1.0
    5 00000000         ; @date    Jan. 12, 2023
    6 00000000         ; @note    
    7 00000000         ; @brief   This is a modified startup code to support As
                       sembly Programs without
    8 00000000         ;          using libraries. Key changes include:
    9 00000000         ;     (1) Remove the call of SystemInit()
   10 00000000         ;     (2) Add codes to initialize memory. 
   11 00000000         ;      Copy the Read/Write data section (RW) and the Zer
                       o Initialized 
   12 00000000         ;      section (ZI) from the flash to RAM
   13 00000000         ;          (3) Enable FPU
   14 00000000         ; @note
   15 00000000         ;           This code is for the book "Embedded Systems 
                       with ARM Cortex-M 
   16 00000000         ;           Microcontrollers in Assembly Language and C,
                        Yifeng Zhu, 
   17 00000000         ;
   18 00000000         ; @attension
   19 00000000         ;           This code is provided for education purpose.
                        The author shall not be 
   20 00000000         ;           held liable for any direct, indirect or cons
                       equential damages, for any 
   21 00000000         ;           reason whatever. More information can be fou
                       nd from book website: 
   22 00000000         ;           http://www.eece.maine.edu/~zhu/book
   23 00000000         ;*******************************************************
                       ************************
   24 00000000         
   25 00000000         ;******************** (C) COPYRIGHT 2015 STMicroelectron
                       ics ********************
   26 00000000         ;* File Name          : startup_stm32l476xx.s
   27 00000000         ;* Author             : MCD Application Team
   28 00000000         ;* Version            : V1.0.1
   29 00000000         ;* Date               : 16-September-2015
   30 00000000         ;* Description        : STM32L476xx Ultra Low Power devi
                       ces vector table for MDK-ARM toolchain.
   31 00000000         ;*                      This module performs:
   32 00000000         ;*                      - Set the initial SP
   33 00000000         ;*                      - Set the initial PC == Reset_Ha
                       ndler
   34 00000000         ;*                      - Set the vector table entries w
                       ith the exceptions ISR address
   35 00000000         ;*                      - Branches to __main in the C li
                       brary (which eventually
   36 00000000         ;*                        calls main()).
   37 00000000         ;*                      After Reset the Cortex-M4 proces
                       sor is in Thread mode,
   38 00000000         ;*                      priority is Privileged, and the 
                       Stack is set to Main.
   39 00000000         ;* <<< Use Configuration Wizard in Context Menu >>>
   40 00000000         ;*******************************************************
                       ************************
   41 00000000         ;*
   42 00000000         ;* Redistribution and use in source and binary forms, wi



ARM Macro Assembler    Page 2 


                       th or without modification,
   43 00000000         ;* are permitted provided that the following conditions 
                       are met:
   44 00000000         ;*   1. Redistributions of source code must retain the a
                       bove copyright notice,
   45 00000000         ;*      this list of conditions and the following discla
                       imer.
   46 00000000         ;*   2. Redistributions in binary form must reproduce th
                       e above copyright notice,
   47 00000000         ;*      this list of conditions and the following discla
                       imer in the documentation
   48 00000000         ;*      and/or other materials provided with the distrib
                       ution.
   49 00000000         ;*   3. Neither the name of STMicroelectronics nor the n
                       ames of its contributors
   50 00000000         ;*      may be used to endorse or promote products deriv
                       ed from this software
   51 00000000         ;*      without specific prior written permission.
   52 00000000         ;*
   53 00000000         ;* THIS SOFTWARE IS PROVIDED BY THE COPYRIGHT HOLDERS AN
                       D CONTRIBUTORS "AS IS"
   54 00000000         ;* AND ANY EXPRESS OR IMPLIED WARRANTIES, INCLUDING, BUT
                        NOT LIMITED TO, THE
   55 00000000         ;* IMPLIED WARRANTIES OF MERCHANTABILITY AND FITNESS FOR
                        A PARTICULAR PURPOSE ARE
   56 00000000         ;* DISCLAIMED. IN NO EVENT SHALL THE COPYRIGHT HOLDER OR
                        CONTRIBUTORS BE LIABLE
   57 00000000         ;* FOR ANY DIRECT, INDIRECT, INCIDENTAL, SPECIAL, EXEMPL
                       ARY, OR CONSEQUENTIAL
   58 00000000         ;* DAMAGES (INCLUDING, BUT NOT LIMITED TO, PROCUREMENT O
                       F SUBSTITUTE GOODS OR
   59 00000000         ;* SERVICES; LOSS OF USE, DATA, OR PROFITS; OR BUSINESS 
                       INTERRUPTION) HOWEVER
   60 00000000         ;* CAUSED AND ON ANY THEORY OF LIABILITY, WHETHER IN CON
                       TRACT, STRICT LIABILITY,
   61 00000000         ;* OR TORT (INCLUDING NEGLIGENCE OR OTHERWISE) ARISING I
                       N ANY WAY OUT OF THE USE
   62 00000000         ;* OF THIS SOFTWARE, EVEN IF ADVISED OF THE POSSIBILITY 
                       OF SUCH DAMAGE.
   63 00000000         ;*
   64 00000000         ;*******************************************************
                       ************************
   65 00000000         ;
   66 00000000         ; Amount of memory (in bytes) allocated for Stack
   67 00000000         ; Tailor this value to your application needs
   68 00000000         ; <h> Stack Configuration
   69 00000000         ;   <o> Stack Size (in Bytes) <0x0-0xFFFFFFFF:8>
   70 00000000         ; </h>
   71 00000000         
   72 00000000         ;******************** Added by Dr. Zhu *****************
                       ************************************
   73 00000000         ; ROM:  Symbols defined by the linker
   74 00000000                 IMPORT           |Load$$ER_IROM1$$Base| ; Entry 
                                                            of Bootloader
   75 00000000         
   76 00000000                 IMPORT           |Image$$ER_IROM1$$RO$$Base| ; S
                                                            tart of RO output s
                                                            ection
   77 00000000                 IMPORT           |Image$$ER_IROM1$$RO$$Limit| ; 



ARM Macro Assembler    Page 3 


                                                            First byte beyond t
                                                            he end of RO output
                                                             section
   78 00000000                 IMPORT           |Image$$ER_IROM1$$RO$$Length| ;
                                                             Size of RO output 
                                                            section
   79 00000000         
   80 00000000                 IMPORT           |Image$$ER_IROM1$$RW$$Base|
   81 00000000                 IMPORT           |Image$$ER_IROM1$$RW$$Length|
   82 00000000                 IMPORT           |Image$$ER_IROM1$$RW$$Limit|
   83 00000000         
   84 00000000                 IMPORT           |Image$$ER_IROM1$$ZI$$Base|
   85 00000000                 IMPORT           |Image$$ER_IROM1$$ZI$$Length|
   86 00000000                 IMPORT           |Image$$ER_IROM1$$ZI$$Limit|
   87 00000000         
   88 00000000         ; RAM: Symbols defined by the linker
   89 00000000                 IMPORT           |Load$$RW_IRAM1$$Base| 
                                                            ; Load Address 
   90 00000000                 IMPORT           |Image$$RW_IRAM1$$Base| ; Start
                                                             of RW output secti
                                                            on
   91 00000000                 IMPORT           |Image$$RW_IRAM1$$Length|
   92 00000000                 IMPORT           |Image$$RW_IRAM1$$Limit|
   93 00000000         
   94 00000000                 IMPORT           |Image$$RW_IRAM1$$RO$$Base|
   95 00000000                 IMPORT           |Image$$RW_IRAM1$$RO$$Base|
   96 00000000                 IMPORT           |Image$$RW_IRAM1$$RO$$Length|
   97 00000000         
   98 00000000                 IMPORT           |Image$$RW_IRAM1$$RW$$Base| ; S
                                                            tart of RW output s
                                                            ection
   99 00000000                 IMPORT           |Image$$RW_IRAM1$$RW$$Limit| ; 
                                                            End of RW output se
                                                            ction
  100 00000000                 IMPORT           |Image$$RW_IRAM1$$RW$$Length| ;
                                                             Size of RW output 
                                                            section
  101 00000000         
  102 00000000                 IMPORT           |Image$$RW_IRAM1$$ZI$$Base| ; S
                                                            tart of ZI output s
                                                            ection
  103 00000000                 IMPORT           |Image$$RW_IRAM1$$ZI$$Limit| ; 
                                                            End of ZI output se
                                                            ction
  104 00000000                 IMPORT           |Image$$RW_IRAM1$$ZI$$Length| ;
                                                             Size of ZI output 
                                                            section
  105 00000000         ;******************** END ******************************
                       ******************************************
  106 00000000         
  107 00000000         
  108 00000000 00000400 
                       Stack_Size
                               EQU              0x400       ;
  109 00000000         
  110 00000000                 AREA             STACK, NOINIT, READWRITE, ALIGN
=3
  111 00000000         Stack_Mem
                               SPACE            Stack_Size



ARM Macro Assembler    Page 4 


  112 00000400         __initial_sp
  113 00000400         
  114 00000400         
  115 00000400         ; <h> Heap Configuration
  116 00000400         ;   <o>  Heap Size (in Bytes) <0x0-0xFFFFFFFF:8>
  117 00000400         ; </h>
  118 00000400         
  119 00000400 00000200 
                       Heap_Size
                               EQU              0x200       ;
  120 00000400         
  121 00000400                 AREA             HEAP, NOINIT, READWRITE, ALIGN=
3
  122 00000000         __heap_base
  123 00000000         Heap_Mem
                               SPACE            Heap_Size
  124 00000200         __heap_limit
  125 00000200         
  126 00000200                 PRESERVE8
  127 00000200                 THUMB
  128 00000200         
  129 00000200         
  130 00000200         ; Vector Table Mapped to Address 0 at Reset
  131 00000200                 AREA             RESET, DATA, READONLY
  132 00000000                 EXPORT           __Vectors
  133 00000000                 EXPORT           __Vectors_End
  134 00000000                 EXPORT           __Vectors_Size
  135 00000000         
  136 00000000 00000000 
                       __Vectors
                               DCD              __initial_sp ; Top of Stack
  137 00000004 00000000        DCD              Reset_Handler ; Reset Handler
  138 00000008 00000000        DCD              NMI_Handler ; NMI Handler
  139 0000000C 00000000        DCD              HardFault_Handler ; Hard Fault 
                                                            Handler
  140 00000010 00000000        DCD              MemManage_Handler 
                                                            ; MPU Fault Handler
                                                            
  141 00000014 00000000        DCD              BusFault_Handler 
                                                            ; Bus Fault Handler
                                                            
  142 00000018 00000000        DCD              UsageFault_Handler ; Usage Faul
                                                            t Handler
  143 0000001C 00000000        DCD              0           ; Reserved
  144 00000020 00000000        DCD              0           ; Reserved
  145 00000024 00000000        DCD              0           ; Reserved
  146 00000028 00000000        DCD              0           ; Reserved
  147 0000002C 00000000        DCD              SVC_Handler ; SVCall Handler
  148 00000030 00000000        DCD              DebugMon_Handler ; Debug Monito
                                                            r Handler
  149 00000034 00000000        DCD              0           ; Reserved
  150 00000038 00000000        DCD              PendSV_Handler ; PendSV Handler
                                                            
  151 0000003C 00000000        DCD              SysTick_Handler 
                                                            ; SysTick Handler
  152 00000040         
  153 00000040         ; External Interrupts
  154 00000040 00000000        DCD              WWDG_IRQHandler 
                                                            ; Window WatchDog



ARM Macro Assembler    Page 5 


  155 00000044 00000000        DCD              PVD_PVM_IRQHandler ; PVD/PVM1/P
                                                            VM2/PVM3/PVM4 throu
                                                            gh EXTI Line detect
                                                            ion
  156 00000048 00000000        DCD              TAMP_STAMP_IRQHandler ; Tamper 
                                                            and TimeStamps thro
                                                            ugh the EXTI line
  157 0000004C 00000000        DCD              RTC_WKUP_IRQHandler ; RTC Wakeu
                                                            p through the EXTI 
                                                            line
  158 00000050 00000000        DCD              FLASH_IRQHandler ; FLASH
  159 00000054 00000000        DCD              RCC_IRQHandler ; RCC
  160 00000058 00000000        DCD              EXTI0_IRQHandler ; EXTI Line0
  161 0000005C 00000000        DCD              EXTI1_IRQHandler ; EXTI Line1
  162 00000060 00000000        DCD              EXTI2_IRQHandler ; EXTI Line2
  163 00000064 00000000        DCD              EXTI3_IRQHandler ; EXTI Line3
  164 00000068 00000000        DCD              EXTI4_IRQHandler ; EXTI Line4
  165 0000006C 00000000        DCD              DMA1_Channel1_IRQHandler 
                                                            ; DMA1 Channel 1
  166 00000070 00000000        DCD              DMA1_Channel2_IRQHandler 
                                                            ; DMA1 Channel 2
  167 00000074 00000000        DCD              DMA1_Channel3_IRQHandler 
                                                            ; DMA1 Channel 3
  168 00000078 00000000        DCD              DMA1_Channel4_IRQHandler 
                                                            ; DMA1 Channel 4
  169 0000007C 00000000        DCD              DMA1_Channel5_IRQHandler 
                                                            ; DMA1 Channel 5
  170 00000080 00000000        DCD              DMA1_Channel6_IRQHandler 
                                                            ; DMA1 Channel 6
  171 00000084 00000000        DCD              DMA1_Channel7_IRQHandler 
                                                            ; DMA1 Channel 7
  172 00000088 00000000        DCD              ADC1_2_IRQHandler ; ADC1, ADC2
  173 0000008C 00000000        DCD              CAN1_TX_IRQHandler ; CAN1 TX
  174 00000090 00000000        DCD              CAN1_RX0_IRQHandler ; CAN1 RX0
  175 00000094 00000000        DCD              CAN1_RX1_IRQHandler ; CAN1 RX1
  176 00000098 00000000        DCD              CAN1_SCE_IRQHandler ; CAN1 SCE
  177 0000009C 00000000        DCD              EXTI9_5_IRQHandler ; External L
                                                            ine[9:5]s
  178 000000A0 00000000        DCD              TIM1_BRK_TIM15_IRQHandler ; TIM
                                                            1 Break and TIM15
  179 000000A4 00000000        DCD              TIM1_UP_TIM16_IRQHandler ; TIM1
                                                             Update and TIM16
  180 000000A8 00000000        DCD              TIM1_TRG_COM_TIM17_IRQHandler ;
                                                             TIM1 Trigger and C
                                                            ommutation and TIM1
                                                            7
  181 000000AC 00000000        DCD              TIM1_CC_IRQHandler ; TIM1 Captu
                                                            re Compare
  182 000000B0 00000000        DCD              TIM2_IRQHandler ; TIM2
  183 000000B4 00000000        DCD              TIM3_IRQHandler ; TIM3
  184 000000B8 00000000        DCD              TIM4_IRQHandler ; TIM4
  185 000000BC 00000000        DCD              I2C1_EV_IRQHandler ; I2C1 Event
                                                            
  186 000000C0 00000000        DCD              I2C1_ER_IRQHandler ; I2C1 Error
                                                            
  187 000000C4 00000000        DCD              I2C2_EV_IRQHandler ; I2C2 Event
                                                            
  188 000000C8 00000000        DCD              I2C2_ER_IRQHandler ; I2C2 Error
                                                            



ARM Macro Assembler    Page 6 


  189 000000CC 00000000        DCD              SPI1_IRQHandler ; SPI1
  190 000000D0 00000000        DCD              SPI2_IRQHandler ; SPI2
  191 000000D4 00000000        DCD              USART1_IRQHandler ; USART1
  192 000000D8 00000000        DCD              USART2_IRQHandler ; USART2
  193 000000DC 00000000        DCD              USART3_IRQHandler ; USART3
  194 000000E0 00000000        DCD              EXTI15_10_IRQHandler ; External
                                                             Line[15:10]
  195 000000E4 00000000        DCD              RTC_Alarm_IRQHandler ; RTC Alar
                                                            m (A and B) through
                                                             EXTI Line
  196 000000E8 00000000        DCD              DFSDM3_IRQHandler ; SD Filter 3
                                                             global Interrupt
  197 000000EC 00000000        DCD              TIM8_BRK_IRQHandler ; TIM8 Brea
                                                            k Interrupt
  198 000000F0 00000000        DCD              TIM8_UP_IRQHandler ; TIM8 Updat
                                                            e Interrupt
  199 000000F4 00000000        DCD              TIM8_TRG_COM_IRQHandler ; TIM8 
                                                            Trigger and Commuta
                                                            tion Interrupt
  200 000000F8 00000000        DCD              TIM8_CC_IRQHandler ; TIM8 Captu
                                                            re Compare Interrup
                                                            t
  201 000000FC 00000000        DCD              ADC3_IRQHandler ; ADC3 global  
                                                            Interrupt
  202 00000100 00000000        DCD              FMC_IRQHandler ; FMC
  203 00000104 00000000        DCD              SDMMC1_IRQHandler ; SDMMC1
  204 00000108 00000000        DCD              TIM5_IRQHandler ; TIM5
  205 0000010C 00000000        DCD              SPI3_IRQHandler ; SPI3
  206 00000110 00000000        DCD              UART4_IRQHandler ; UART4
  207 00000114 00000000        DCD              UART5_IRQHandler ; UART5
  208 00000118 00000000        DCD              TIM6_DAC_IRQHandler ; TIM6 and 
                                                            DAC1&2 underrun err
                                                            ors
  209 0000011C 00000000        DCD              TIM7_IRQHandler ; TIM7
  210 00000120 00000000        DCD              DMA2_Channel1_IRQHandler 
                                                            ; DMA2 Channel 1
  211 00000124 00000000        DCD              DMA2_Channel2_IRQHandler 
                                                            ; DMA2 Channel 2
  212 00000128 00000000        DCD              DMA2_Channel3_IRQHandler 
                                                            ; DMA2 Channel 3
  213 0000012C 00000000        DCD              DMA2_Channel4_IRQHandler 
                                                            ; DMA2 Channel 4
  214 00000130 00000000        DCD              DMA2_Channel5_IRQHandler 
                                                            ; DMA2 Channel 5
  215 00000134 00000000        DCD              DFSDM0_IRQHandler ; SD Filter 0
                                                             global Interrupt
  216 00000138 00000000        DCD              DFSDM1_IRQHandler ; SD Filter 1
                                                             global Interrupt
  217 0000013C 00000000        DCD              DFSDM2_IRQHandler ; SD Filter 2
                                                             global Interrupt
  218 00000140 00000000        DCD              COMP_IRQHandler 
                                                            ; COMP Interrupt
  219 00000144 00000000        DCD              LPTIM1_IRQHandler 
                                                            ; LP TIM1 interrupt
                                                            
  220 00000148 00000000        DCD              LPTIM2_IRQHandler 
                                                            ; LP TIM2 interrupt
                                                            
  221 0000014C 00000000        DCD              OTG_FS_IRQHandler ; USB OTG FS



ARM Macro Assembler    Page 7 


  222 00000150 00000000        DCD              DMA2_Channel6_IRQHandler 
                                                            ; DMA2 Channel 6
  223 00000154 00000000        DCD              DMA2_Channel7_IRQHandler 
                                                            ; DMA2 Channel 7
  224 00000158 00000000        DCD              LPUART1_IRQHandler ; LP UART1 i
                                                            nterrupt
  225 0000015C 00000000        DCD              QUADSPI_IRQHandler ; Quad SPI g
                                                            lobal interrupt
  226 00000160 00000000        DCD              I2C3_EV_IRQHandler ; I2C3 event
                                                            
  227 00000164 00000000        DCD              I2C3_ER_IRQHandler ; I2C3 error
                                                            
  228 00000168 00000000        DCD              SAI1_IRQHandler ; Serial Audio 
                                                            Interface 1 global 
                                                            interrupt
  229 0000016C 00000000        DCD              SAI2_IRQHandler ; Serial Audio 
                                                            Interface 2 global 
                                                            interrupt
  230 00000170 00000000        DCD              SWPMI1_IRQHandler ; Serial Wire
                                                             Interface 1 global
                                                             interrupt
  231 00000174 00000000        DCD              TSC_IRQHandler ; Touch Sense Co
                                                            ntroller global int
                                                            errupt
  232 00000178 00000000        DCD              LCD_IRQHandler ; LCD global int
                                                            errupt
  233 0000017C 00000000        DCD              0           ; Reserved         
                                                                   
  234 00000180 00000000        DCD              RNG_IRQHandler ; RNG global int
                                                            errupt
  235 00000184 00000000        DCD              FPU_IRQHandler ; FPU
  236 00000188         
  237 00000188         __Vectors_End
  238 00000188         
  239 00000188 00000188 
                       __Vectors_Size
                               EQU              __Vectors_End - __Vectors
  240 00000188         
  241 00000188                 AREA             |.text|, CODE, READONLY
  242 00000000         
  243 00000000         ; Reset handler
  244 00000000         Reset_Handler
                               PROC
  245 00000000                 EXPORT           Reset_Handler             [WEAK
]
  246 00000000         ; IMPORT  SystemInit      ; Removed by Zhu
  247 00000000                 IMPORT           __main
  248 00000000         
  249 00000000         ;******************** Removed by Dr. Zhu ***************
                       ************************************   
  250 00000000         ; IMPORT  SystemInit  
  251 00000000         ; LDR     R0, =SystemInit  ; Commented out by ZHU
  252 00000000         ; BLX     R0               ; Commented out by ZHU
  253 00000000         
  254 00000000         ;******************** Added by Dr. Zhu *****************
                       ************************************
  255 00000000         ; Copy the RW data segment from Flash to SRAM
  256 00000000                 import           |Load$$RW_IRAM1$$Base|
  257 00000000         ;LDR r0, =|Image$$ER_IROM1$$RW$$Base|   ; Note this fail



ARM Macro Assembler    Page 8 


                       s on Compiler 6 due to padding
  258 00000000 4817            LDR              r0, =|Load$$RW_IRAM1$$Base|
  259 00000002 4918            LDR              r1, =|Image$$RW_IRAM1$$RW$$Base
|
  260 00000004 4B18            LDR              r3, =|Image$$RW_IRAM1$$RW$$Limi
t|
  261 00000006         Copy_RW_Segment
  262 00000006 4299            CMP              r1, r3
  263 00000008 BF3C F850 
              2B04             LDRCC            r2, [r0], #4
  264 0000000E F841 2B04       STRCC            r2, [r1], #4
  265 00000012 D3F8            BCC              Copy_RW_Segment
  266 00000014         
  267 00000014         ; Copy the ZI data segment from Flash to SRAM
  268 00000014 4B15            LDR              r3, =|Image$$RW_IRAM1$$ZI$$Base
|
  269 00000016 4916            LDR              r1, =|Image$$RW_IRAM1$$ZI$$Limi
t|
  270 00000018 F04F 0200       MOV              r2, #0
  271 0000001C         Init_ZI_Segment
  272 0000001C 428B            CMP              r3, r1
  273 0000001E BF38 F843 
              2B04             STRCC            r2, [r3], #4
  274 00000024 D3FA            BCC              Init_ZI_Segment
  275 00000026         
  276 00000026         ;;;;;;;;;;;;;;;;;;;;;;;;;;;;;;;;;;;;;;;;;;;;;;;;;;;;;;;;
                       ;;;;;;;;;;;;;;;;;;;;;;
  277 00000026         ; Enable FPU
  278 00000026         ;;;;;;;;;;;;;;;;;;;;;;;;;;;;;;;;;;;;;;;;;;;;;;;;;;;;;;;;
                       ;;;;;;;;;;;;;;;;;;;;;;
  279 00000026         ; CPACR is located at address 0xE000ED88
  280 00000026 F8DF 004C       LDR.W            R0, =0xE000ED88
  281 0000002A         ; Read CPACR
  282 0000002A 6801            LDR              R1, [R0]
  283 0000002C         ; Set bits 20-23 to enable CP10 and CP11 coprocessors
  284 0000002C F441 0170       ORR              R1, R1, #(0xF << 20)
  285 00000030         ; Write back the modified value to the CPACR
  286 00000030 6001            STR              R1, [R0]    ; wait for store to
                                                             complete
  287 00000032 F3BF 8F4F       DSB
  288 00000036         ;reset pipeline now the FPU is enabled
  289 00000036 F3BF 8F6F       ISB
  290 0000003A         ;******************** END ******************************
                       **************************************
  291 0000003A 480F            LDR              R0, =__main
  292 0000003C 4700            BX               R0
  293 0000003E                 ENDP
  294 0000003E         
  295 0000003E         ; Dummy Exception Handlers (infinite loops which can be 
                       modified)
  296 0000003E         
  297 0000003E         NMI_Handler
                               PROC
  298 0000003E                 EXPORT           NMI_Handler                [WEA
K]
  299 0000003E E7FE            B                .
  300 00000040                 ENDP
  302 00000040         HardFault_Handler
                               PROC



ARM Macro Assembler    Page 9 


  303 00000040                 EXPORT           HardFault_Handler          [WEA
K]
  304 00000040 E7FE            B                .
  305 00000042                 ENDP
  307 00000042         MemManage_Handler
                               PROC
  308 00000042                 EXPORT           MemManage_Handler          [WEA
K]
  309 00000042 E7FE            B                .
  310 00000044                 ENDP
  312 00000044         BusFault_Handler
                               PROC
  313 00000044                 EXPORT           BusFault_Handler           [WEA
K]
  314 00000044 E7FE            B                .
  315 00000046                 ENDP
  317 00000046         UsageFault_Handler
                               PROC
  318 00000046                 EXPORT           UsageFault_Handler         [WEA
K]
  319 00000046 E7FE            B                .
  320 00000048                 ENDP
  321 00000048         SVC_Handler
                               PROC
  322 00000048                 EXPORT           SVC_Handler                [WEA
K]
  323 00000048 E7FE            B                .
  324 0000004A                 ENDP
  326 0000004A         DebugMon_Handler
                               PROC
  327 0000004A                 EXPORT           DebugMon_Handler           [WEA
K]
  328 0000004A E7FE            B                .
  329 0000004C                 ENDP
  330 0000004C         PendSV_Handler
                               PROC
  331 0000004C                 EXPORT           PendSV_Handler             [WEA
K]
  332 0000004C E7FE            B                .
  333 0000004E                 ENDP
  334 0000004E         SysTick_Handler
                               PROC
  335 0000004E                 EXPORT           SysTick_Handler            [WEA
K]
  336 0000004E E7FE            B                .
  337 00000050                 ENDP
  338 00000050         
  339 00000050         Default_Handler
                               PROC
  340 00000050         
  341 00000050                 EXPORT           WWDG_IRQHandler                
   [WEAK]
  342 00000050                 EXPORT           PVD_PVM_IRQHandler             
   [WEAK]
  343 00000050                 EXPORT           TAMP_STAMP_IRQHandler          
   [WEAK]
  344 00000050                 EXPORT           RTC_WKUP_IRQHandler            
   [WEAK]
  345 00000050                 EXPORT           FLASH_IRQHandler               



ARM Macro Assembler    Page 10 


   [WEAK]
  346 00000050                 EXPORT           RCC_IRQHandler                 
   [WEAK]
  347 00000050                 EXPORT           EXTI0_IRQHandler               
   [WEAK]
  348 00000050                 EXPORT           EXTI1_IRQHandler               
   [WEAK]
  349 00000050                 EXPORT           EXTI2_IRQHandler               
   [WEAK]
  350 00000050                 EXPORT           EXTI3_IRQHandler               
   [WEAK]
  351 00000050                 EXPORT           EXTI4_IRQHandler               
   [WEAK]
  352 00000050                 EXPORT           DMA1_Channel1_IRQHandler       
   [WEAK]
  353 00000050                 EXPORT           DMA1_Channel2_IRQHandler       
   [WEAK]
  354 00000050                 EXPORT           DMA1_Channel3_IRQHandler       
   [WEAK]
  355 00000050                 EXPORT           DMA1_Channel4_IRQHandler       
   [WEAK]
  356 00000050                 EXPORT           DMA1_Channel5_IRQHandler       
   [WEAK]
  357 00000050                 EXPORT           DMA1_Channel6_IRQHandler       
   [WEAK]
  358 00000050                 EXPORT           DMA1_Channel7_IRQHandler       
   [WEAK]
  359 00000050                 EXPORT           ADC1_2_IRQHandler              
   [WEAK]
  360 00000050                 EXPORT           CAN1_TX_IRQHandler             
   [WEAK]
  361 00000050                 EXPORT           CAN1_RX0_IRQHandler            
   [WEAK]
  362 00000050                 EXPORT           CAN1_RX1_IRQHandler            
   [WEAK]
  363 00000050                 EXPORT           CAN1_SCE_IRQHandler            
   [WEAK]
  364 00000050                 EXPORT           EXTI9_5_IRQHandler             
   [WEAK]
  365 00000050                 EXPORT           TIM1_BRK_TIM15_IRQHandler      
   [WEAK]
  366 00000050                 EXPORT           TIM1_UP_TIM16_IRQHandler       
   [WEAK]
  367 00000050                 EXPORT           TIM1_TRG_COM_TIM17_IRQHandler  
   [WEAK]
  368 00000050                 EXPORT           TIM1_CC_IRQHandler             
   [WEAK]
  369 00000050                 EXPORT           TIM2_IRQHandler                
   [WEAK]
  370 00000050                 EXPORT           TIM3_IRQHandler                
   [WEAK]
  371 00000050                 EXPORT           TIM4_IRQHandler                
   [WEAK]
  372 00000050                 EXPORT           I2C1_EV_IRQHandler             
   [WEAK]
  373 00000050                 EXPORT           I2C1_ER_IRQHandler             
   [WEAK]
  374 00000050                 EXPORT           I2C2_EV_IRQHandler             
   [WEAK]



ARM Macro Assembler    Page 11 


  375 00000050                 EXPORT           I2C2_ER_IRQHandler             
   [WEAK]
  376 00000050                 EXPORT           SPI1_IRQHandler                
   [WEAK]
  377 00000050                 EXPORT           SPI2_IRQHandler                
   [WEAK]
  378 00000050                 EXPORT           USART1_IRQHandler              
   [WEAK]
  379 00000050                 EXPORT           USART2_IRQHandler              
   [WEAK]
  380 00000050                 EXPORT           USART3_IRQHandler              
   [WEAK]
  381 00000050                 EXPORT           EXTI15_10_IRQHandler           
   [WEAK]
  382 00000050                 EXPORT           RTC_Alarm_IRQHandler           
   [WEAK]
  383 00000050                 EXPORT           DFSDM3_IRQHandler              
   [WEAK]
  384 00000050                 EXPORT           TIM8_BRK_IRQHandler            
   [WEAK]
  385 00000050                 EXPORT           TIM8_UP_IRQHandler             
   [WEAK]
  386 00000050                 EXPORT           TIM8_TRG_COM_IRQHandler        
   [WEAK]
  387 00000050                 EXPORT           TIM8_CC_IRQHandler             
   [WEAK]
  388 00000050                 EXPORT           ADC3_IRQHandler                
   [WEAK]
  389 00000050                 EXPORT           FMC_IRQHandler                 
   [WEAK]
  390 00000050                 EXPORT           SDMMC1_IRQHandler              
   [WEAK]
  391 00000050                 EXPORT           TIM5_IRQHandler                
   [WEAK]
  392 00000050                 EXPORT           SPI3_IRQHandler                
   [WEAK]
  393 00000050                 EXPORT           UART4_IRQHandler               
   [WEAK]
  394 00000050                 EXPORT           UART5_IRQHandler               
   [WEAK]
  395 00000050                 EXPORT           TIM6_DAC_IRQHandler            
   [WEAK]
  396 00000050                 EXPORT           TIM7_IRQHandler                
   [WEAK]
  397 00000050                 EXPORT           DMA2_Channel1_IRQHandler       
   [WEAK]
  398 00000050                 EXPORT           DMA2_Channel2_IRQHandler       
   [WEAK]
  399 00000050                 EXPORT           DMA2_Channel3_IRQHandler       
   [WEAK]
  400 00000050                 EXPORT           DMA2_Channel4_IRQHandler       
   [WEAK]
  401 00000050                 EXPORT           DMA2_Channel5_IRQHandler       
   [WEAK]
  402 00000050                 EXPORT           DFSDM0_IRQHandler              
   [WEAK]
  403 00000050                 EXPORT           DFSDM1_IRQHandler              
   [WEAK]
  404 00000050                 EXPORT           DFSDM2_IRQHandler              



ARM Macro Assembler    Page 12 


   [WEAK]
  405 00000050                 EXPORT           COMP_IRQHandler                
   [WEAK]
  406 00000050                 EXPORT           LPTIM1_IRQHandler              
   [WEAK]
  407 00000050                 EXPORT           LPTIM2_IRQHandler              
   [WEAK]
  408 00000050                 EXPORT           OTG_FS_IRQHandler              
   [WEAK]
  409 00000050                 EXPORT           DMA2_Channel6_IRQHandler       
   [WEAK]
  410 00000050                 EXPORT           DMA2_Channel7_IRQHandler       
   [WEAK]
  411 00000050                 EXPORT           LPUART1_IRQHandler             
   [WEAK]
  412 00000050                 EXPORT           QUADSPI_IRQHandler             
   [WEAK]
  413 00000050                 EXPORT           I2C3_EV_IRQHandler             
   [WEAK]
  414 00000050                 EXPORT           I2C3_ER_IRQHandler             
   [WEAK]
  415 00000050                 EXPORT           SAI1_IRQHandler                
   [WEAK]
  416 00000050                 EXPORT           SAI2_IRQHandler                
   [WEAK]
  417 00000050                 EXPORT           SWPMI1_IRQHandler              
   [WEAK]
  418 00000050                 EXPORT           TSC_IRQHandler                 
   [WEAK]
  419 00000050                 EXPORT           LCD_IRQHandler                 
   [WEAK]
  420 00000050                 EXPORT           RNG_IRQHandler                 
   [WEAK]
  421 00000050                 EXPORT           FPU_IRQHandler                 
   [WEAK]
  422 00000050         
  423 00000050         WWDG_IRQHandler
  424 00000050         PVD_PVM_IRQHandler
  425 00000050         TAMP_STAMP_IRQHandler
  426 00000050         RTC_WKUP_IRQHandler
  427 00000050         FLASH_IRQHandler
  428 00000050         RCC_IRQHandler
  429 00000050         EXTI0_IRQHandler
  430 00000050         EXTI1_IRQHandler
  431 00000050         EXTI2_IRQHandler
  432 00000050         EXTI3_IRQHandler
  433 00000050         EXTI4_IRQHandler
  434 00000050         DMA1_Channel1_IRQHandler
  435 00000050         DMA1_Channel2_IRQHandler
  436 00000050         DMA1_Channel3_IRQHandler
  437 00000050         DMA1_Channel4_IRQHandler
  438 00000050         DMA1_Channel5_IRQHandler
  439 00000050         DMA1_Channel6_IRQHandler
  440 00000050         DMA1_Channel7_IRQHandler
  441 00000050         ADC1_2_IRQHandler
  442 00000050         CAN1_TX_IRQHandler
  443 00000050         CAN1_RX0_IRQHandler
  444 00000050         CAN1_RX1_IRQHandler
  445 00000050         CAN1_SCE_IRQHandler



ARM Macro Assembler    Page 13 


  446 00000050         EXTI9_5_IRQHandler
  447 00000050         TIM1_BRK_TIM15_IRQHandler
  448 00000050         TIM1_UP_TIM16_IRQHandler
  449 00000050         TIM1_TRG_COM_TIM17_IRQHandler
  450 00000050         TIM1_CC_IRQHandler
  451 00000050         TIM2_IRQHandler
  452 00000050         TIM3_IRQHandler
  453 00000050         TIM4_IRQHandler
  454 00000050         I2C1_EV_IRQHandler
  455 00000050         I2C1_ER_IRQHandler
  456 00000050         I2C2_EV_IRQHandler
  457 00000050         I2C2_ER_IRQHandler
  458 00000050         SPI1_IRQHandler
  459 00000050         SPI2_IRQHandler
  460 00000050         USART1_IRQHandler
  461 00000050         USART2_IRQHandler
  462 00000050         USART3_IRQHandler
  463 00000050         EXTI15_10_IRQHandler
  464 00000050         RTC_Alarm_IRQHandler
  465 00000050         DFSDM3_IRQHandler
  466 00000050         TIM8_BRK_IRQHandler
  467 00000050         TIM8_UP_IRQHandler
  468 00000050         TIM8_TRG_COM_IRQHandler
  469 00000050         TIM8_CC_IRQHandler
  470 00000050         ADC3_IRQHandler
  471 00000050         FMC_IRQHandler
  472 00000050         SDMMC1_IRQHandler
  473 00000050         TIM5_IRQHandler
  474 00000050         SPI3_IRQHandler
  475 00000050         UART4_IRQHandler
  476 00000050         UART5_IRQHandler
  477 00000050         TIM6_DAC_IRQHandler
  478 00000050         TIM7_IRQHandler
  479 00000050         DMA2_Channel1_IRQHandler
  480 00000050         DMA2_Channel2_IRQHandler
  481 00000050         DMA2_Channel3_IRQHandler
  482 00000050         DMA2_Channel4_IRQHandler
  483 00000050         DMA2_Channel5_IRQHandler
  484 00000050         DFSDM0_IRQHandler
  485 00000050         DFSDM1_IRQHandler
  486 00000050         DFSDM2_IRQHandler
  487 00000050         COMP_IRQHandler
  488 00000050         LPTIM1_IRQHandler
  489 00000050         LPTIM2_IRQHandler
  490 00000050         OTG_FS_IRQHandler
  491 00000050         DMA2_Channel6_IRQHandler
  492 00000050         DMA2_Channel7_IRQHandler
  493 00000050         LPUART1_IRQHandler
  494 00000050         QUADSPI_IRQHandler
  495 00000050         I2C3_EV_IRQHandler
  496 00000050         I2C3_ER_IRQHandler
  497 00000050         SAI1_IRQHandler
  498 00000050         SAI2_IRQHandler
  499 00000050         SWPMI1_IRQHandler
  500 00000050         TSC_IRQHandler
  501 00000050         LCD_IRQHandler
  502 00000050         RNG_IRQHandler
  503 00000050         FPU_IRQHandler
  504 00000050         



ARM Macro Assembler    Page 14 


  505 00000050 E7FE            B                .
  506 00000052         
  507 00000052                 ENDP
  508 00000052         
  509 00000052 00 00           ALIGN
  510 00000054         
  511 00000054         ;*******************************************************
                       ************************
  512 00000054         ; User Stack and Heap initialization
  513 00000054         ;*******************************************************
                       ************************
  514 00000054                 IF               :DEF:__MICROLIB
  521 00000054         
  522 00000054                 IMPORT           __use_two_region_memory
  523 00000054                 EXPORT           __user_initial_stackheap
  524 00000054         
  525 00000054         __user_initial_stackheap
  526 00000054         
  527 00000054 4809            LDR              R0, =  Heap_Mem
  528 00000056 490A            LDR              R1, =(Stack_Mem + Stack_Size)
  529 00000058 4A0A            LDR              R2, = (Heap_Mem +  Heap_Size)
  530 0000005A 4B0B            LDR              R3, = Stack_Mem
  531 0000005C 4770            BX               LR
  532 0000005E         
  533 0000005E 00 00           ALIGN
  534 00000060         
  535 00000060                 ENDIF
  536 00000060         
  537 00000060                 END
              00000000 
              00000000 
              00000000 
              00000000 
              00000000 
              E000ED88 
              00000000 
              00000000 
              00000400 
              00000200 
              00000000 
Command Line: --debug --xref --diag_suppress=9931,A1950W --cpu=Cortex-M4.fp.sp 
--depend=.\objects\startup_stm32l476xx.d -o.\objects\startup_stm32l476xx.o -I.\
RTE\_Target_1 -IC:\Users\xandr\AppData\Local\Arm\Packs\ARM\CMSIS\6.0.0\CMSIS\Co
re\Include -IC:\Users\xandr\AppData\Local\Arm\Packs\Keil\STM32L4xx_DFP\2.6.2\Dr
ivers\CMSIS\Device\ST\STM32L4xx\Include --predefine="__EVAL SETA 1" --predefine
="__UVISION_VERSION SETA 539" --predefine="_RTE_ SETA 1" --predefine="STM32L476
xx SETA 1" --predefine="_RTE_ SETA 1" --list=.\listings\startup_stm32l476xx.lst
 startup_stm32l476xx.s



ARM Macro Assembler    Page 1 Alphabetic symbol ordering
Relocatable symbols

STACK 00000000

Symbol: STACK
   Definitions
      At line 110 in file startup_stm32l476xx.s
   Uses
      None
Comment: STACK unused
Stack_Mem 00000000

Symbol: Stack_Mem
   Definitions
      At line 111 in file startup_stm32l476xx.s
   Uses
      At line 528 in file startup_stm32l476xx.s
      At line 530 in file startup_stm32l476xx.s

__initial_sp 00000400

Symbol: __initial_sp
   Definitions
      At line 112 in file startup_stm32l476xx.s
   Uses
      At line 136 in file startup_stm32l476xx.s
Comment: __initial_sp used once
3 symbols



ARM Macro Assembler    Page 1 Alphabetic symbol ordering
Relocatable symbols

HEAP 00000000

Symbol: HEAP
   Definitions
      At line 121 in file startup_stm32l476xx.s
   Uses
      None
Comment: HEAP unused
Heap_Mem 00000000

Symbol: Heap_Mem
   Definitions
      At line 123 in file startup_stm32l476xx.s
   Uses
      At line 527 in file startup_stm32l476xx.s
      At line 529 in file startup_stm32l476xx.s

__heap_base 00000000

Symbol: __heap_base
   Definitions
      At line 122 in file startup_stm32l476xx.s
   Uses
      None
Comment: __heap_base unused
__heap_limit 00000200

Symbol: __heap_limit
   Definitions
      At line 124 in file startup_stm32l476xx.s
   Uses
      None
Comment: __heap_limit unused
4 symbols



ARM Macro Assembler    Page 1 Alphabetic symbol ordering
Relocatable symbols

RESET 00000000

Symbol: RESET
   Definitions
      At line 131 in file startup_stm32l476xx.s
   Uses
      None
Comment: RESET unused
__Vectors 00000000

Symbol: __Vectors
   Definitions
      At line 136 in file startup_stm32l476xx.s
   Uses
      At line 132 in file startup_stm32l476xx.s
      At line 239 in file startup_stm32l476xx.s

__Vectors_End 00000188

Symbol: __Vectors_End
   Definitions
      At line 237 in file startup_stm32l476xx.s
   Uses
      At line 133 in file startup_stm32l476xx.s
      At line 239 in file startup_stm32l476xx.s

3 symbols



ARM Macro Assembler    Page 1 Alphabetic symbol ordering
Relocatable symbols

.text 00000000

Symbol: .text
   Definitions
      At line 241 in file startup_stm32l476xx.s
   Uses
      None
Comment: .text unused
ADC1_2_IRQHandler 00000050

Symbol: ADC1_2_IRQHandler
   Definitions
      At line 441 in file startup_stm32l476xx.s
   Uses
      At line 172 in file startup_stm32l476xx.s
      At line 359 in file startup_stm32l476xx.s

ADC3_IRQHandler 00000050

Symbol: ADC3_IRQHandler
   Definitions
      At line 470 in file startup_stm32l476xx.s
   Uses
      At line 201 in file startup_stm32l476xx.s
      At line 388 in file startup_stm32l476xx.s

BusFault_Handler 00000044

Symbol: BusFault_Handler
   Definitions
      At line 312 in file startup_stm32l476xx.s
   Uses
      At line 141 in file startup_stm32l476xx.s
      At line 313 in file startup_stm32l476xx.s

CAN1_RX0_IRQHandler 00000050

Symbol: CAN1_RX0_IRQHandler
   Definitions
      At line 443 in file startup_stm32l476xx.s
   Uses
      At line 174 in file startup_stm32l476xx.s
      At line 361 in file startup_stm32l476xx.s

CAN1_RX1_IRQHandler 00000050

Symbol: CAN1_RX1_IRQHandler
   Definitions
      At line 444 in file startup_stm32l476xx.s
   Uses
      At line 175 in file startup_stm32l476xx.s
      At line 362 in file startup_stm32l476xx.s

CAN1_SCE_IRQHandler 00000050

Symbol: CAN1_SCE_IRQHandler
   Definitions
      At line 445 in file startup_stm32l476xx.s
   Uses



ARM Macro Assembler    Page 2 Alphabetic symbol ordering
Relocatable symbols

      At line 176 in file startup_stm32l476xx.s
      At line 363 in file startup_stm32l476xx.s

CAN1_TX_IRQHandler 00000050

Symbol: CAN1_TX_IRQHandler
   Definitions
      At line 442 in file startup_stm32l476xx.s
   Uses
      At line 173 in file startup_stm32l476xx.s
      At line 360 in file startup_stm32l476xx.s

COMP_IRQHandler 00000050

Symbol: COMP_IRQHandler
   Definitions
      At line 487 in file startup_stm32l476xx.s
   Uses
      At line 218 in file startup_stm32l476xx.s
      At line 405 in file startup_stm32l476xx.s

Copy_RW_Segment 00000006

Symbol: Copy_RW_Segment
   Definitions
      At line 261 in file startup_stm32l476xx.s
   Uses
      At line 265 in file startup_stm32l476xx.s
Comment: Copy_RW_Segment used once
DFSDM0_IRQHandler 00000050

Symbol: DFSDM0_IRQHandler
   Definitions
      At line 484 in file startup_stm32l476xx.s
   Uses
      At line 215 in file startup_stm32l476xx.s
      At line 402 in file startup_stm32l476xx.s

DFSDM1_IRQHandler 00000050

Symbol: DFSDM1_IRQHandler
   Definitions
      At line 485 in file startup_stm32l476xx.s
   Uses
      At line 216 in file startup_stm32l476xx.s
      At line 403 in file startup_stm32l476xx.s

DFSDM2_IRQHandler 00000050

Symbol: DFSDM2_IRQHandler
   Definitions
      At line 486 in file startup_stm32l476xx.s
   Uses
      At line 217 in file startup_stm32l476xx.s
      At line 404 in file startup_stm32l476xx.s

DFSDM3_IRQHandler 00000050

Symbol: DFSDM3_IRQHandler



ARM Macro Assembler    Page 3 Alphabetic symbol ordering
Relocatable symbols

   Definitions
      At line 465 in file startup_stm32l476xx.s
   Uses
      At line 196 in file startup_stm32l476xx.s
      At line 383 in file startup_stm32l476xx.s

DMA1_Channel1_IRQHandler 00000050

Symbol: DMA1_Channel1_IRQHandler
   Definitions
      At line 434 in file startup_stm32l476xx.s
   Uses
      At line 165 in file startup_stm32l476xx.s
      At line 352 in file startup_stm32l476xx.s

DMA1_Channel2_IRQHandler 00000050

Symbol: DMA1_Channel2_IRQHandler
   Definitions
      At line 435 in file startup_stm32l476xx.s
   Uses
      At line 166 in file startup_stm32l476xx.s
      At line 353 in file startup_stm32l476xx.s

DMA1_Channel3_IRQHandler 00000050

Symbol: DMA1_Channel3_IRQHandler
   Definitions
      At line 436 in file startup_stm32l476xx.s
   Uses
      At line 167 in file startup_stm32l476xx.s
      At line 354 in file startup_stm32l476xx.s

DMA1_Channel4_IRQHandler 00000050

Symbol: DMA1_Channel4_IRQHandler
   Definitions
      At line 437 in file startup_stm32l476xx.s
   Uses
      At line 168 in file startup_stm32l476xx.s
      At line 355 in file startup_stm32l476xx.s

DMA1_Channel5_IRQHandler 00000050

Symbol: DMA1_Channel5_IRQHandler
   Definitions
      At line 438 in file startup_stm32l476xx.s
   Uses
      At line 169 in file startup_stm32l476xx.s
      At line 356 in file startup_stm32l476xx.s

DMA1_Channel6_IRQHandler 00000050

Symbol: DMA1_Channel6_IRQHandler
   Definitions
      At line 439 in file startup_stm32l476xx.s
   Uses
      At line 170 in file startup_stm32l476xx.s
      At line 357 in file startup_stm32l476xx.s



ARM Macro Assembler    Page 4 Alphabetic symbol ordering
Relocatable symbols


DMA1_Channel7_IRQHandler 00000050

Symbol: DMA1_Channel7_IRQHandler
   Definitions
      At line 440 in file startup_stm32l476xx.s
   Uses
      At line 171 in file startup_stm32l476xx.s
      At line 358 in file startup_stm32l476xx.s

DMA2_Channel1_IRQHandler 00000050

Symbol: DMA2_Channel1_IRQHandler
   Definitions
      At line 479 in file startup_stm32l476xx.s
   Uses
      At line 210 in file startup_stm32l476xx.s
      At line 397 in file startup_stm32l476xx.s

DMA2_Channel2_IRQHandler 00000050

Symbol: DMA2_Channel2_IRQHandler
   Definitions
      At line 480 in file startup_stm32l476xx.s
   Uses
      At line 211 in file startup_stm32l476xx.s
      At line 398 in file startup_stm32l476xx.s

DMA2_Channel3_IRQHandler 00000050

Symbol: DMA2_Channel3_IRQHandler
   Definitions
      At line 481 in file startup_stm32l476xx.s
   Uses
      At line 212 in file startup_stm32l476xx.s
      At line 399 in file startup_stm32l476xx.s

DMA2_Channel4_IRQHandler 00000050

Symbol: DMA2_Channel4_IRQHandler
   Definitions
      At line 482 in file startup_stm32l476xx.s
   Uses
      At line 213 in file startup_stm32l476xx.s
      At line 400 in file startup_stm32l476xx.s

DMA2_Channel5_IRQHandler 00000050

Symbol: DMA2_Channel5_IRQHandler
   Definitions
      At line 483 in file startup_stm32l476xx.s
   Uses
      At line 214 in file startup_stm32l476xx.s
      At line 401 in file startup_stm32l476xx.s

DMA2_Channel6_IRQHandler 00000050

Symbol: DMA2_Channel6_IRQHandler
   Definitions



ARM Macro Assembler    Page 5 Alphabetic symbol ordering
Relocatable symbols

      At line 491 in file startup_stm32l476xx.s
   Uses
      At line 222 in file startup_stm32l476xx.s
      At line 409 in file startup_stm32l476xx.s

DMA2_Channel7_IRQHandler 00000050

Symbol: DMA2_Channel7_IRQHandler
   Definitions
      At line 492 in file startup_stm32l476xx.s
   Uses
      At line 223 in file startup_stm32l476xx.s
      At line 410 in file startup_stm32l476xx.s

DebugMon_Handler 0000004A

Symbol: DebugMon_Handler
   Definitions
      At line 326 in file startup_stm32l476xx.s
   Uses
      At line 148 in file startup_stm32l476xx.s
      At line 327 in file startup_stm32l476xx.s

Default_Handler 00000050

Symbol: Default_Handler
   Definitions
      At line 339 in file startup_stm32l476xx.s
   Uses
      None
Comment: Default_Handler unused
EXTI0_IRQHandler 00000050

Symbol: EXTI0_IRQHandler
   Definitions
      At line 429 in file startup_stm32l476xx.s
   Uses
      At line 160 in file startup_stm32l476xx.s
      At line 347 in file startup_stm32l476xx.s

EXTI15_10_IRQHandler 00000050

Symbol: EXTI15_10_IRQHandler
   Definitions
      At line 463 in file startup_stm32l476xx.s
   Uses
      At line 194 in file startup_stm32l476xx.s
      At line 381 in file startup_stm32l476xx.s

EXTI1_IRQHandler 00000050

Symbol: EXTI1_IRQHandler
   Definitions
      At line 430 in file startup_stm32l476xx.s
   Uses
      At line 161 in file startup_stm32l476xx.s
      At line 348 in file startup_stm32l476xx.s

EXTI2_IRQHandler 00000050



ARM Macro Assembler    Page 6 Alphabetic symbol ordering
Relocatable symbols


Symbol: EXTI2_IRQHandler
   Definitions
      At line 431 in file startup_stm32l476xx.s
   Uses
      At line 162 in file startup_stm32l476xx.s
      At line 349 in file startup_stm32l476xx.s

EXTI3_IRQHandler 00000050

Symbol: EXTI3_IRQHandler
   Definitions
      At line 432 in file startup_stm32l476xx.s
   Uses
      At line 163 in file startup_stm32l476xx.s
      At line 350 in file startup_stm32l476xx.s

EXTI4_IRQHandler 00000050

Symbol: EXTI4_IRQHandler
   Definitions
      At line 433 in file startup_stm32l476xx.s
   Uses
      At line 164 in file startup_stm32l476xx.s
      At line 351 in file startup_stm32l476xx.s

EXTI9_5_IRQHandler 00000050

Symbol: EXTI9_5_IRQHandler
   Definitions
      At line 446 in file startup_stm32l476xx.s
   Uses
      At line 177 in file startup_stm32l476xx.s
      At line 364 in file startup_stm32l476xx.s

FLASH_IRQHandler 00000050

Symbol: FLASH_IRQHandler
   Definitions
      At line 427 in file startup_stm32l476xx.s
   Uses
      At line 158 in file startup_stm32l476xx.s
      At line 345 in file startup_stm32l476xx.s

FMC_IRQHandler 00000050

Symbol: FMC_IRQHandler
   Definitions
      At line 471 in file startup_stm32l476xx.s
   Uses
      At line 202 in file startup_stm32l476xx.s
      At line 389 in file startup_stm32l476xx.s

FPU_IRQHandler 00000050

Symbol: FPU_IRQHandler
   Definitions
      At line 503 in file startup_stm32l476xx.s
   Uses



ARM Macro Assembler    Page 7 Alphabetic symbol ordering
Relocatable symbols

      At line 235 in file startup_stm32l476xx.s
      At line 421 in file startup_stm32l476xx.s

HardFault_Handler 00000040

Symbol: HardFault_Handler
   Definitions
      At line 302 in file startup_stm32l476xx.s
   Uses
      At line 139 in file startup_stm32l476xx.s
      At line 303 in file startup_stm32l476xx.s

I2C1_ER_IRQHandler 00000050

Symbol: I2C1_ER_IRQHandler
   Definitions
      At line 455 in file startup_stm32l476xx.s
   Uses
      At line 186 in file startup_stm32l476xx.s
      At line 373 in file startup_stm32l476xx.s

I2C1_EV_IRQHandler 00000050

Symbol: I2C1_EV_IRQHandler
   Definitions
      At line 454 in file startup_stm32l476xx.s
   Uses
      At line 185 in file startup_stm32l476xx.s
      At line 372 in file startup_stm32l476xx.s

I2C2_ER_IRQHandler 00000050

Symbol: I2C2_ER_IRQHandler
   Definitions
      At line 457 in file startup_stm32l476xx.s
   Uses
      At line 188 in file startup_stm32l476xx.s
      At line 375 in file startup_stm32l476xx.s

I2C2_EV_IRQHandler 00000050

Symbol: I2C2_EV_IRQHandler
   Definitions
      At line 456 in file startup_stm32l476xx.s
   Uses
      At line 187 in file startup_stm32l476xx.s
      At line 374 in file startup_stm32l476xx.s

I2C3_ER_IRQHandler 00000050

Symbol: I2C3_ER_IRQHandler
   Definitions
      At line 496 in file startup_stm32l476xx.s
   Uses
      At line 227 in file startup_stm32l476xx.s
      At line 414 in file startup_stm32l476xx.s

I2C3_EV_IRQHandler 00000050




ARM Macro Assembler    Page 8 Alphabetic symbol ordering
Relocatable symbols

Symbol: I2C3_EV_IRQHandler
   Definitions
      At line 495 in file startup_stm32l476xx.s
   Uses
      At line 226 in file startup_stm32l476xx.s
      At line 413 in file startup_stm32l476xx.s

Init_ZI_Segment 0000001C

Symbol: Init_ZI_Segment
   Definitions
      At line 271 in file startup_stm32l476xx.s
   Uses
      At line 274 in file startup_stm32l476xx.s
Comment: Init_ZI_Segment used once
LCD_IRQHandler 00000050

Symbol: LCD_IRQHandler
   Definitions
      At line 501 in file startup_stm32l476xx.s
   Uses
      At line 232 in file startup_stm32l476xx.s
      At line 419 in file startup_stm32l476xx.s

LPTIM1_IRQHandler 00000050

Symbol: LPTIM1_IRQHandler
   Definitions
      At line 488 in file startup_stm32l476xx.s
   Uses
      At line 219 in file startup_stm32l476xx.s
      At line 406 in file startup_stm32l476xx.s

LPTIM2_IRQHandler 00000050

Symbol: LPTIM2_IRQHandler
   Definitions
      At line 489 in file startup_stm32l476xx.s
   Uses
      At line 220 in file startup_stm32l476xx.s
      At line 407 in file startup_stm32l476xx.s

LPUART1_IRQHandler 00000050

Symbol: LPUART1_IRQHandler
   Definitions
      At line 493 in file startup_stm32l476xx.s
   Uses
      At line 224 in file startup_stm32l476xx.s
      At line 411 in file startup_stm32l476xx.s

MemManage_Handler 00000042

Symbol: MemManage_Handler
   Definitions
      At line 307 in file startup_stm32l476xx.s
   Uses
      At line 140 in file startup_stm32l476xx.s
      At line 308 in file startup_stm32l476xx.s



ARM Macro Assembler    Page 9 Alphabetic symbol ordering
Relocatable symbols


NMI_Handler 0000003E

Symbol: NMI_Handler
   Definitions
      At line 297 in file startup_stm32l476xx.s
   Uses
      At line 138 in file startup_stm32l476xx.s
      At line 298 in file startup_stm32l476xx.s

OTG_FS_IRQHandler 00000050

Symbol: OTG_FS_IRQHandler
   Definitions
      At line 490 in file startup_stm32l476xx.s
   Uses
      At line 221 in file startup_stm32l476xx.s
      At line 408 in file startup_stm32l476xx.s

PVD_PVM_IRQHandler 00000050

Symbol: PVD_PVM_IRQHandler
   Definitions
      At line 424 in file startup_stm32l476xx.s
   Uses
      At line 155 in file startup_stm32l476xx.s
      At line 342 in file startup_stm32l476xx.s

PendSV_Handler 0000004C

Symbol: PendSV_Handler
   Definitions
      At line 330 in file startup_stm32l476xx.s
   Uses
      At line 150 in file startup_stm32l476xx.s
      At line 331 in file startup_stm32l476xx.s

QUADSPI_IRQHandler 00000050

Symbol: QUADSPI_IRQHandler
   Definitions
      At line 494 in file startup_stm32l476xx.s
   Uses
      At line 225 in file startup_stm32l476xx.s
      At line 412 in file startup_stm32l476xx.s

RCC_IRQHandler 00000050

Symbol: RCC_IRQHandler
   Definitions
      At line 428 in file startup_stm32l476xx.s
   Uses
      At line 159 in file startup_stm32l476xx.s
      At line 346 in file startup_stm32l476xx.s

RNG_IRQHandler 00000050

Symbol: RNG_IRQHandler
   Definitions



ARM Macro Assembler    Page 10 Alphabetic symbol ordering
Relocatable symbols

      At line 502 in file startup_stm32l476xx.s
   Uses
      At line 234 in file startup_stm32l476xx.s
      At line 420 in file startup_stm32l476xx.s

RTC_Alarm_IRQHandler 00000050

Symbol: RTC_Alarm_IRQHandler
   Definitions
      At line 464 in file startup_stm32l476xx.s
   Uses
      At line 195 in file startup_stm32l476xx.s
      At line 382 in file startup_stm32l476xx.s

RTC_WKUP_IRQHandler 00000050

Symbol: RTC_WKUP_IRQHandler
   Definitions
      At line 426 in file startup_stm32l476xx.s
   Uses
      At line 157 in file startup_stm32l476xx.s
      At line 344 in file startup_stm32l476xx.s

Reset_Handler 00000000

Symbol: Reset_Handler
   Definitions
      At line 244 in file startup_stm32l476xx.s
   Uses
      At line 137 in file startup_stm32l476xx.s
      At line 245 in file startup_stm32l476xx.s

SAI1_IRQHandler 00000050

Symbol: SAI1_IRQHandler
   Definitions
      At line 497 in file startup_stm32l476xx.s
   Uses
      At line 228 in file startup_stm32l476xx.s
      At line 415 in file startup_stm32l476xx.s

SAI2_IRQHandler 00000050

Symbol: SAI2_IRQHandler
   Definitions
      At line 498 in file startup_stm32l476xx.s
   Uses
      At line 229 in file startup_stm32l476xx.s
      At line 416 in file startup_stm32l476xx.s

SDMMC1_IRQHandler 00000050

Symbol: SDMMC1_IRQHandler
   Definitions
      At line 472 in file startup_stm32l476xx.s
   Uses
      At line 203 in file startup_stm32l476xx.s
      At line 390 in file startup_stm32l476xx.s




ARM Macro Assembler    Page 11 Alphabetic symbol ordering
Relocatable symbols

SPI1_IRQHandler 00000050

Symbol: SPI1_IRQHandler
   Definitions
      At line 458 in file startup_stm32l476xx.s
   Uses
      At line 189 in file startup_stm32l476xx.s
      At line 376 in file startup_stm32l476xx.s

SPI2_IRQHandler 00000050

Symbol: SPI2_IRQHandler
   Definitions
      At line 459 in file startup_stm32l476xx.s
   Uses
      At line 190 in file startup_stm32l476xx.s
      At line 377 in file startup_stm32l476xx.s

SPI3_IRQHandler 00000050

Symbol: SPI3_IRQHandler
   Definitions
      At line 474 in file startup_stm32l476xx.s
   Uses
      At line 205 in file startup_stm32l476xx.s
      At line 392 in file startup_stm32l476xx.s

SVC_Handler 00000048

Symbol: SVC_Handler
   Definitions
      At line 321 in file startup_stm32l476xx.s
   Uses
      At line 147 in file startup_stm32l476xx.s
      At line 322 in file startup_stm32l476xx.s

SWPMI1_IRQHandler 00000050

Symbol: SWPMI1_IRQHandler
   Definitions
      At line 499 in file startup_stm32l476xx.s
   Uses
      At line 230 in file startup_stm32l476xx.s
      At line 417 in file startup_stm32l476xx.s

SysTick_Handler 0000004E

Symbol: SysTick_Handler
   Definitions
      At line 334 in file startup_stm32l476xx.s
   Uses
      At line 151 in file startup_stm32l476xx.s
      At line 335 in file startup_stm32l476xx.s

TAMP_STAMP_IRQHandler 00000050

Symbol: TAMP_STAMP_IRQHandler
   Definitions
      At line 425 in file startup_stm32l476xx.s



ARM Macro Assembler    Page 12 Alphabetic symbol ordering
Relocatable symbols

   Uses
      At line 156 in file startup_stm32l476xx.s
      At line 343 in file startup_stm32l476xx.s

TIM1_BRK_TIM15_IRQHandler 00000050

Symbol: TIM1_BRK_TIM15_IRQHandler
   Definitions
      At line 447 in file startup_stm32l476xx.s
   Uses
      At line 178 in file startup_stm32l476xx.s
      At line 365 in file startup_stm32l476xx.s

TIM1_CC_IRQHandler 00000050

Symbol: TIM1_CC_IRQHandler
   Definitions
      At line 450 in file startup_stm32l476xx.s
   Uses
      At line 181 in file startup_stm32l476xx.s
      At line 368 in file startup_stm32l476xx.s

TIM1_TRG_COM_TIM17_IRQHandler 00000050

Symbol: TIM1_TRG_COM_TIM17_IRQHandler
   Definitions
      At line 449 in file startup_stm32l476xx.s
   Uses
      At line 180 in file startup_stm32l476xx.s
      At line 367 in file startup_stm32l476xx.s

TIM1_UP_TIM16_IRQHandler 00000050

Symbol: TIM1_UP_TIM16_IRQHandler
   Definitions
      At line 448 in file startup_stm32l476xx.s
   Uses
      At line 179 in file startup_stm32l476xx.s
      At line 366 in file startup_stm32l476xx.s

TIM2_IRQHandler 00000050

Symbol: TIM2_IRQHandler
   Definitions
      At line 451 in file startup_stm32l476xx.s
   Uses
      At line 182 in file startup_stm32l476xx.s
      At line 369 in file startup_stm32l476xx.s

TIM3_IRQHandler 00000050

Symbol: TIM3_IRQHandler
   Definitions
      At line 452 in file startup_stm32l476xx.s
   Uses
      At line 183 in file startup_stm32l476xx.s
      At line 370 in file startup_stm32l476xx.s

TIM4_IRQHandler 00000050



ARM Macro Assembler    Page 13 Alphabetic symbol ordering
Relocatable symbols


Symbol: TIM4_IRQHandler
   Definitions
      At line 453 in file startup_stm32l476xx.s
   Uses
      At line 184 in file startup_stm32l476xx.s
      At line 371 in file startup_stm32l476xx.s

TIM5_IRQHandler 00000050

Symbol: TIM5_IRQHandler
   Definitions
      At line 473 in file startup_stm32l476xx.s
   Uses
      At line 204 in file startup_stm32l476xx.s
      At line 391 in file startup_stm32l476xx.s

TIM6_DAC_IRQHandler 00000050

Symbol: TIM6_DAC_IRQHandler
   Definitions
      At line 477 in file startup_stm32l476xx.s
   Uses
      At line 208 in file startup_stm32l476xx.s
      At line 395 in file startup_stm32l476xx.s

TIM7_IRQHandler 00000050

Symbol: TIM7_IRQHandler
   Definitions
      At line 478 in file startup_stm32l476xx.s
   Uses
      At line 209 in file startup_stm32l476xx.s
      At line 396 in file startup_stm32l476xx.s

TIM8_BRK_IRQHandler 00000050

Symbol: TIM8_BRK_IRQHandler
   Definitions
      At line 466 in file startup_stm32l476xx.s
   Uses
      At line 197 in file startup_stm32l476xx.s
      At line 384 in file startup_stm32l476xx.s

TIM8_CC_IRQHandler 00000050

Symbol: TIM8_CC_IRQHandler
   Definitions
      At line 469 in file startup_stm32l476xx.s
   Uses
      At line 200 in file startup_stm32l476xx.s
      At line 387 in file startup_stm32l476xx.s

TIM8_TRG_COM_IRQHandler 00000050

Symbol: TIM8_TRG_COM_IRQHandler
   Definitions
      At line 468 in file startup_stm32l476xx.s
   Uses



ARM Macro Assembler    Page 14 Alphabetic symbol ordering
Relocatable symbols

      At line 199 in file startup_stm32l476xx.s
      At line 386 in file startup_stm32l476xx.s

TIM8_UP_IRQHandler 00000050

Symbol: TIM8_UP_IRQHandler
   Definitions
      At line 467 in file startup_stm32l476xx.s
   Uses
      At line 198 in file startup_stm32l476xx.s
      At line 385 in file startup_stm32l476xx.s

TSC_IRQHandler 00000050

Symbol: TSC_IRQHandler
   Definitions
      At line 500 in file startup_stm32l476xx.s
   Uses
      At line 231 in file startup_stm32l476xx.s
      At line 418 in file startup_stm32l476xx.s

UART4_IRQHandler 00000050

Symbol: UART4_IRQHandler
   Definitions
      At line 475 in file startup_stm32l476xx.s
   Uses
      At line 206 in file startup_stm32l476xx.s
      At line 393 in file startup_stm32l476xx.s

UART5_IRQHandler 00000050

Symbol: UART5_IRQHandler
   Definitions
      At line 476 in file startup_stm32l476xx.s
   Uses
      At line 207 in file startup_stm32l476xx.s
      At line 394 in file startup_stm32l476xx.s

USART1_IRQHandler 00000050

Symbol: USART1_IRQHandler
   Definitions
      At line 460 in file startup_stm32l476xx.s
   Uses
      At line 191 in file startup_stm32l476xx.s
      At line 378 in file startup_stm32l476xx.s

USART2_IRQHandler 00000050

Symbol: USART2_IRQHandler
   Definitions
      At line 461 in file startup_stm32l476xx.s
   Uses
      At line 192 in file startup_stm32l476xx.s
      At line 379 in file startup_stm32l476xx.s

USART3_IRQHandler 00000050




ARM Macro Assembler    Page 15 Alphabetic symbol ordering
Relocatable symbols

Symbol: USART3_IRQHandler
   Definitions
      At line 462 in file startup_stm32l476xx.s
   Uses
      At line 193 in file startup_stm32l476xx.s
      At line 380 in file startup_stm32l476xx.s

UsageFault_Handler 00000046

Symbol: UsageFault_Handler
   Definitions
      At line 317 in file startup_stm32l476xx.s
   Uses
      At line 142 in file startup_stm32l476xx.s
      At line 318 in file startup_stm32l476xx.s

WWDG_IRQHandler 00000050

Symbol: WWDG_IRQHandler
   Definitions
      At line 423 in file startup_stm32l476xx.s
   Uses
      At line 154 in file startup_stm32l476xx.s
      At line 341 in file startup_stm32l476xx.s

__user_initial_stackheap 00000054

Symbol: __user_initial_stackheap
   Definitions
      At line 525 in file startup_stm32l476xx.s
   Uses
      At line 523 in file startup_stm32l476xx.s
Comment: __user_initial_stackheap used once
96 symbols



ARM Macro Assembler    Page 1 Alphabetic symbol ordering
Absolute symbols

Heap_Size 00000200

Symbol: Heap_Size
   Definitions
      At line 119 in file startup_stm32l476xx.s
   Uses
      At line 123 in file startup_stm32l476xx.s
      At line 529 in file startup_stm32l476xx.s

Stack_Size 00000400

Symbol: Stack_Size
   Definitions
      At line 108 in file startup_stm32l476xx.s
   Uses
      At line 111 in file startup_stm32l476xx.s
      At line 528 in file startup_stm32l476xx.s

__Vectors_Size 00000188

Symbol: __Vectors_Size
   Definitions
      At line 239 in file startup_stm32l476xx.s
   Uses
      At line 134 in file startup_stm32l476xx.s
Comment: __Vectors_Size used once
3 symbols



ARM Macro Assembler    Page 1 Alphabetic symbol ordering
External symbols

Image$$ER_IROM1$$RO$$Base 00000000

Symbol: Image$$ER_IROM1$$RO$$Base
   Definitions
      At line 76 in file startup_stm32l476xx.s
   Uses
      None
Comment: Image$$ER_IROM1$$RO$$Base unused
Image$$ER_IROM1$$RO$$Length 00000000

Symbol: Image$$ER_IROM1$$RO$$Length
   Definitions
      At line 78 in file startup_stm32l476xx.s
   Uses
      None
Comment: Image$$ER_IROM1$$RO$$Length unused
Image$$ER_IROM1$$RO$$Limit 00000000

Symbol: Image$$ER_IROM1$$RO$$Limit
   Definitions
      At line 77 in file startup_stm32l476xx.s
   Uses
      None
Comment: Image$$ER_IROM1$$RO$$Limit unused
Image$$ER_IROM1$$RW$$Base 00000000

Symbol: Image$$ER_IROM1$$RW$$Base
   Definitions
      At line 80 in file startup_stm32l476xx.s
   Uses
      None
Comment: Image$$ER_IROM1$$RW$$Base unused
Image$$ER_IROM1$$RW$$Length 00000000

Symbol: Image$$ER_IROM1$$RW$$Length
   Definitions
      At line 81 in file startup_stm32l476xx.s
   Uses
      None
Comment: Image$$ER_IROM1$$RW$$Length unused
Image$$ER_IROM1$$RW$$Limit 00000000

Symbol: Image$$ER_IROM1$$RW$$Limit
   Definitions
      At line 82 in file startup_stm32l476xx.s
   Uses
      None
Comment: Image$$ER_IROM1$$RW$$Limit unused
Image$$ER_IROM1$$ZI$$Base 00000000

Symbol: Image$$ER_IROM1$$ZI$$Base
   Definitions
      At line 84 in file startup_stm32l476xx.s
   Uses
      None
Comment: Image$$ER_IROM1$$ZI$$Base unused
Image$$ER_IROM1$$ZI$$Length 00000000

Symbol: Image$$ER_IROM1$$ZI$$Length



ARM Macro Assembler    Page 2 Alphabetic symbol ordering
External symbols

   Definitions
      At line 85 in file startup_stm32l476xx.s
   Uses
      None
Comment: Image$$ER_IROM1$$ZI$$Length unused
Image$$ER_IROM1$$ZI$$Limit 00000000

Symbol: Image$$ER_IROM1$$ZI$$Limit
   Definitions
      At line 86 in file startup_stm32l476xx.s
   Uses
      None
Comment: Image$$ER_IROM1$$ZI$$Limit unused
Image$$RW_IRAM1$$Base 00000000

Symbol: Image$$RW_IRAM1$$Base
   Definitions
      At line 90 in file startup_stm32l476xx.s
   Uses
      None
Comment: Image$$RW_IRAM1$$Base unused
Image$$RW_IRAM1$$Length 00000000

Symbol: Image$$RW_IRAM1$$Length
   Definitions
      At line 91 in file startup_stm32l476xx.s
   Uses
      None
Comment: Image$$RW_IRAM1$$Length unused
Image$$RW_IRAM1$$Limit 00000000

Symbol: Image$$RW_IRAM1$$Limit
   Definitions
      At line 92 in file startup_stm32l476xx.s
   Uses
      None
Comment: Image$$RW_IRAM1$$Limit unused
Image$$RW_IRAM1$$RO$$Base 00000000

Symbol: Image$$RW_IRAM1$$RO$$Base
   Definitions
      At line 94 in file startup_stm32l476xx.s
      At line 95 in file startup_stm32l476xx.s
   Uses
      None
Warning: Image$$RW_IRAM1$$RO$$Base multiply definedComment: Image$$RW_IRAM1$$RO
$$Base unused
Image$$RW_IRAM1$$RO$$Length 00000000

Symbol: Image$$RW_IRAM1$$RO$$Length
   Definitions
      At line 96 in file startup_stm32l476xx.s
   Uses
      None
Comment: Image$$RW_IRAM1$$RO$$Length unused
Image$$RW_IRAM1$$RW$$Base 00000000

Symbol: Image$$RW_IRAM1$$RW$$Base
   Definitions



ARM Macro Assembler    Page 3 Alphabetic symbol ordering
External symbols

      At line 98 in file startup_stm32l476xx.s
   Uses
      At line 259 in file startup_stm32l476xx.s
Comment: Image$$RW_IRAM1$$RW$$Base used once
Image$$RW_IRAM1$$RW$$Length 00000000

Symbol: Image$$RW_IRAM1$$RW$$Length
   Definitions
      At line 100 in file startup_stm32l476xx.s
   Uses
      None
Comment: Image$$RW_IRAM1$$RW$$Length unused
Image$$RW_IRAM1$$RW$$Limit 00000000

Symbol: Image$$RW_IRAM1$$RW$$Limit
   Definitions
      At line 99 in file startup_stm32l476xx.s
   Uses
      At line 260 in file startup_stm32l476xx.s
Comment: Image$$RW_IRAM1$$RW$$Limit used once
Image$$RW_IRAM1$$ZI$$Base 00000000

Symbol: Image$$RW_IRAM1$$ZI$$Base
   Definitions
      At line 102 in file startup_stm32l476xx.s
   Uses
      At line 268 in file startup_stm32l476xx.s
Comment: Image$$RW_IRAM1$$ZI$$Base used once
Image$$RW_IRAM1$$ZI$$Length 00000000

Symbol: Image$$RW_IRAM1$$ZI$$Length
   Definitions
      At line 104 in file startup_stm32l476xx.s
   Uses
      None
Comment: Image$$RW_IRAM1$$ZI$$Length unused
Image$$RW_IRAM1$$ZI$$Limit 00000000

Symbol: Image$$RW_IRAM1$$ZI$$Limit
   Definitions
      At line 103 in file startup_stm32l476xx.s
   Uses
      At line 269 in file startup_stm32l476xx.s
Comment: Image$$RW_IRAM1$$ZI$$Limit used once
Load$$ER_IROM1$$Base 00000000

Symbol: Load$$ER_IROM1$$Base
   Definitions
      At line 74 in file startup_stm32l476xx.s
   Uses
      None
Comment: Load$$ER_IROM1$$Base unused
Load$$RW_IRAM1$$Base 00000000

Symbol: Load$$RW_IRAM1$$Base
   Definitions
      At line 89 in file startup_stm32l476xx.s
      At line 256 in file startup_stm32l476xx.s
   Uses



ARM Macro Assembler    Page 4 Alphabetic symbol ordering
External symbols

      At line 258 in file startup_stm32l476xx.s
Warning: Load$$RW_IRAM1$$Base multiply definedComment: Load$$RW_IRAM1$$Base use
d once
__main 00000000

Symbol: __main
   Definitions
      At line 247 in file startup_stm32l476xx.s
   Uses
      At line 291 in file startup_stm32l476xx.s
Comment: __main used once
__use_two_region_memory 00000000

Symbol: __use_two_region_memory
   Definitions
      At line 522 in file startup_stm32l476xx.s
   Uses
      None
Comment: __use_two_region_memory unused
24 symbols
472 symbols in table
